<?xml version="1.0" encoding="UTF-8"?>
<!-- Generated by org.testng.reporters.JUnitXMLReporter -->
<testsuite hostname="Imrans-MacBook-Air.local" ignored="0" name="Test HF" tests="6" failures="0" timestamp="06 Jan 2018 17:40:40 GMT" time="70.157" errors="0">
  <testcase name="testLangChangeEnglishToChinese" time="0.38" classname="testcases.TestHomePage"/>
  <testcase name="testSearch" time="2.351" classname="testcases.TestHomePage"/>
  <testcase name="testForgetPassword" time="8.356" classname="testcases.TestMemberLogInPage"/>
  <testcase name="testMemberLogIn" time="4.678" classname="testcases.TestMemberLogInPage"/>
  <testcase name="testMemberSignUp" time="9.239" classname="testcases.TestMemberSignUp"/>
  <testcase name="testProviderLogIn" time="1.966" classname="testcases.TestProviderligInPage"/>
</testsuite> <!-- Test HF -->
